<?xml version="1.0" encoding="UTF-8"?>
<!-- Generated by org.testng.reporters.JUnitReportReporter -->
<testsuite hostname="Deepaks-MacBook-Pro-3.local" name="com.app.automation.WebPageAutomation" tests="5" failures="0" timestamp="1 Sep 2016 05:24:54 GMT" time="7.073" errors="0">
  <testcase name="verifyAddCartItems" time="2.429" classname="com.app.automation.WebPageAutomation"/>
  <testcase name="compareItemPrice" time="1.070" classname="com.app.automation.WebPageAutomation"/>
  <testcase name="verifyItemSortByName" time="0.397" classname="com.app.automation.WebPageAutomation"/>
  <testcase name="testMobilePage" time="0.415" classname="com.app.automation.WebPageAutomation"/>
  <testcase name="launchWebApp" time="2.762" classname="com.app.automation.WebPageAutomation"/>
</testsuite> <!-- com.app.automation.WebPageAutomation -->
